0 info it worked if it ends with ok
1 verbose cli [ 'node', '/usr/bin/npm', 'start' ]
2 info using npm@2.14.19
3 info using node@v0.10.42
4 verbose node symlink /usr/bin/node
5 verbose run-script [ 'prestart', 'start', 'poststart' ]
6 info prestart material-ui-example@0.13.2
7 info start material-ui-example@0.13.2
8 verbose unsafe-perm in lifecycle true
9 info material-ui-example@0.13.2 Failed to exec start script
10 verbose stack Error: material-ui-example@0.13.2 start: `webpack-dev-server --config webpack-dev-server.config.js --progress --inline --colors`
10 verbose stack Exit status 8
10 verbose stack     at EventEmitter.<anonymous> (/usr/lib/node_modules/npm/lib/utils/lifecycle.js:214:16)
10 verbose stack     at EventEmitter.emit (events.js:98:17)
10 verbose stack     at ChildProcess.<anonymous> (/usr/lib/node_modules/npm/lib/utils/spawn.js:24:14)
10 verbose stack     at ChildProcess.emit (events.js:98:17)
10 verbose stack     at maybeClose (child_process.js:766:16)
10 verbose stack     at Process.ChildProcess._handle.onexit (child_process.js:833:5)
11 verbose pkgid material-ui-example@0.13.2
12 verbose cwd /home/ee7klt/Code/redux-abramov/src/app
13 error Linux 3.10.18
14 error argv "node" "/usr/bin/npm" "start"
15 error node v0.10.42
16 error npm  v2.14.19
17 error code ELIFECYCLE
18 error material-ui-example@0.13.2 start: `webpack-dev-server --config webpack-dev-server.config.js --progress --inline --colors`
18 error Exit status 8
19 error Failed at the material-ui-example@0.13.2 start script 'webpack-dev-server --config webpack-dev-server.config.js --progress --inline --colors'.
19 error This is most likely a problem with the material-ui-example package,
19 error not with npm itself.
19 error Tell the author that this fails on your system:
19 error     webpack-dev-server --config webpack-dev-server.config.js --progress --inline --colors
19 error You can get information on how to open an issue for this project with:
19 error     npm bugs material-ui-example
19 error Or if that isn't available, you can get their info via:
19 error
19 error     npm owner ls material-ui-example
19 error There is likely additional logging output above.
20 verbose exit [ 1, true ]
